Arguments: 
  /Users/yanisvieilly/.nvm/versions/node/v10.9.0/bin/node /usr/local/Cellar/yarn/1.9.4/libexec/bin/yarn.js install

PATH: 
  /Users/yanisvieilly/.nvm/versions/node/v10.9.0/bin:/usr/local/bin:/usr/bin:/bin:/usr/sbin:/sbin

Yarn version: 
  1.9.4

Node version: 
  10.9.0

Platform: 
  darwin x64

Trace: 
  SyntaxError: /Users/yanisvieilly/projects/vue-cyoa/package.json: Unexpected token s in JSON at position 790
      at JSON.parse (<anonymous>)
      at /usr/local/Cellar/yarn/1.9.4/libexec/lib/cli.js:1130:59
      at Generator.next (<anonymous>)
      at step (/usr/local/Cellar/yarn/1.9.4/libexec/lib/cli.js:92:30)
      at /usr/local/Cellar/yarn/1.9.4/libexec/lib/cli.js:103:13

npm manifest: 
  {
    "name": "vue-cyoa",
    "version": "1.0.0",
    "main": "index.js",
    "author": "Yanis Vieilly <yanis.vieilly@gmail.com>",
    "license": "MIT",
    "scripts": {
      "start": "parcel index.html"
    },
    "dependencies": {
      "pug": "^2.0.3",
      "vue": "^2.5.17",
      "vue-hot-reload-api": "^2.3.0",
      "vuex": "^3.0.1"
    },
    "devDependencies": {
      "@vue/component-compiler-utils": "^2.1.2",
      "babel-core": "^6.26.3",
      "babel-plugin-transform-object-rest-spread": "^6.26.0",
      "eslint": "^4.19.1 || ^5.3.0",
      "eslint-config-airbnb-base": "^13.1.0",
      "eslint-config-prettier": "^3.0.1",
      "eslint-plugin-import": "^2.14.0",
      "eslint-plugin-prettier": "^2.6.2",
      "eslint-plugin-vue": "^4.7.1",
      "parcel-bundler": "^1.9.7",
      "vue-template-compiler": "^2.5.17"
    }
  }
  s

yarn manifest: 
  No manifest

Lockfile: 
  No lockfile
